<?xml version="1.0" encoding="UTF-8"?>
<testng-results ignored="0" total="1" passed="1" failed="0" skipped="0">
  <reporter-output>
  </reporter-output>
  <suite started-at="2025-09-04T14:07:54 IST" name="Suite" finished-at="2025-09-04T14:08:00 IST" duration-ms="6797">
    <groups>
    </groups>
    <test started-at="2025-09-04T14:07:54 IST" name="Test" finished-at="2025-09-04T14:08:00 IST" duration-ms="6797">
      <class name="com.mystore.utilities.DemoTest">
        <test-method signature="f()[pri:0, instance:com.mystore.utilities.DemoTest@776aec5c]" started-at="2025-09-04T14:07:54 IST" name="f" finished-at="2025-09-04T14:08:00 IST" duration-ms="6674" status="PASS">
          <reporter-output>
          </reporter-output>
        </test-method> <!-- f -->
      </class> <!-- com.mystore.utilities.DemoTest -->
    </test> <!-- Test -->
  </suite> <!-- Suite -->
</testng-results>
